<?xml version="1.0" encoding="UTF-8"?>
<!-- Generated by org.testng.reporters.JUnitXMLReporter -->
<testsuite ignored="0" hostname="DESKTOP-R9DPKJC" failures="0" tests="8" name="Default test" time="26.693" errors="0" timestamp="2021-03-13T20:32:55 IST">
  <testcase classname="com.application1.tests.DockerTestsamples" name="localtest" time="13.074"/>
  <testcase classname="com.application1.tests.DockerTestsamples" name="localtest" time="13.119"/>
  <testcase classname="com.application1.tests.DockerTestsamples" name="localtest" time="15.35"/>
  <testcase classname="com.application1.tests.DockerTestsamples" name="localtest" time="15.371"/>
  <testcase classname="com.application1.tests.DockerTestsamples" name="localtest" time="15.375"/>
  <testcase classname="com.application1.tests.DockerTestsamples" name="localtest" time="17.964"/>
  <testcase classname="com.application1.tests.DockerTestsamples" name="localtest" time="19.279"/>
  <testcase classname="com.application1.tests.DockerTestsamples" name="localtest" time="26.628"/>
</testsuite> <!-- Default test -->
